Determining if the pthread_create exist failed with the following output:
Change Dir: /home/n-31v/robotic-software/ros_workspace/nxt_lejos/nxt_lejos_navigation/build/CMakeFiles/CMakeTmp

Run Build Command:"/usr/bin/make" "cmTC_b3a0f/fast"
make[1]: вход в каталог «/home/n-31v/robotic-software/ros_workspace/nxt_lejos/nxt_lejos_navigation/build/CMakeFiles/CMakeTmp»
/usr/bin/make -f CMakeFiles/cmTC_b3a0f.dir/build.make CMakeFiles/cmTC_b3a0f.dir/build
make[2]: вход в каталог «/home/n-31v/robotic-software/ros_workspace/nxt_lejos/nxt_lejos_navigation/build/CMakeFiles/CMakeTmp»
Building C object CMakeFiles/cmTC_b3a0f.dir/CheckSymbolExists.c.o
/usr/bin/cc     -o CMakeFiles/cmTC_b3a0f.dir/CheckSymbolExists.c.o   -c /home/n-31v/robotic-software/ros_workspace/nxt_lejos/nxt_lejos_navigation/build/CMakeFiles/CMakeTmp/CheckSymbolExists.c
Linking C executable cmTC_b3a0f
/usr/bin/cmake -E cmake_link_script CMakeFiles/cmTC_b3a0f.dir/link.txt --verbose=1
/usr/bin/cc       CMakeFiles/cmTC_b3a0f.dir/CheckSymbolExists.c.o  -o cmTC_b3a0f -rdynamic 
CMakeFiles/cmTC_b3a0f.dir/CheckSymbolExists.c.o: In function `main':
CheckSymbolExists.c:(.text+0x16): undefined reference to `pthread_create'
collect2: error: ld returned 1 exit status
CMakeFiles/cmTC_b3a0f.dir/build.make:97: ошибка выполнения рецепта для цели «cmTC_b3a0f»
make[2]: *** [cmTC_b3a0f] Ошибка 1
make[2]: выход из каталога «/home/n-31v/robotic-software/ros_workspace/nxt_lejos/nxt_lejos_navigation/build/CMakeFiles/CMakeTmp»
Makefile:126: ошибка выполнения рецепта для цели «cmTC_b3a0f/fast»
make[1]: *** [cmTC_b3a0f/fast] Ошибка 2
make[1]: выход из каталога «/home/n-31v/robotic-software/ros_workspace/nxt_lejos/nxt_lejos_navigation/build/CMakeFiles/CMakeTmp»

File /home/n-31v/robotic-software/ros_workspace/nxt_lejos/nxt_lejos_navigation/build/CMakeFiles/CMakeTmp/CheckSymbolExists.c:
/* */
#include <pthread.h>

int main(int argc, char** argv)
{
  (void)argv;
#ifndef pthread_create
  return ((int*)(&pthread_create))[argc];
#else
  (void)argc;
  return 0;
#endif
}

Determining if the function pthread_create exists in the pthreads failed with the following output:
Change Dir: /home/n-31v/robotic-software/ros_workspace/nxt_lejos/nxt_lejos_navigation/build/CMakeFiles/CMakeTmp

Run Build Command:"/usr/bin/make" "cmTC_ed773/fast"
make[1]: вход в каталог «/home/n-31v/robotic-software/ros_workspace/nxt_lejos/nxt_lejos_navigation/build/CMakeFiles/CMakeTmp»
/usr/bin/make -f CMakeFiles/cmTC_ed773.dir/build.make CMakeFiles/cmTC_ed773.dir/build
make[2]: вход в каталог «/home/n-31v/robotic-software/ros_workspace/nxt_lejos/nxt_lejos_navigation/build/CMakeFiles/CMakeTmp»
Building C object CMakeFiles/cmTC_ed773.dir/CheckFunctionExists.c.o
/usr/bin/cc    -DCHECK_FUNCTION_EXISTS=pthread_create   -o CMakeFiles/cmTC_ed773.dir/CheckFunctionExists.c.o   -c /usr/share/cmake-3.5/Modules/CheckFunctionExists.c
Linking C executable cmTC_ed773
/usr/bin/cmake -E cmake_link_script CMakeFiles/cmTC_ed773.dir/link.txt --verbose=1
/usr/bin/cc   -DCHECK_FUNCTION_EXISTS=pthread_create    CMakeFiles/cmTC_ed773.dir/CheckFunctionExists.c.o  -o cmTC_ed773 -rdynamic -lpthreads 
/usr/bin/ld: cannot find -lpthreads
collect2: error: ld returned 1 exit status
CMakeFiles/cmTC_ed773.dir/build.make:97: ошибка выполнения рецепта для цели «cmTC_ed773»
make[2]: *** [cmTC_ed773] Ошибка 1
make[2]: выход из каталога «/home/n-31v/robotic-software/ros_workspace/nxt_lejos/nxt_lejos_navigation/build/CMakeFiles/CMakeTmp»
Makefile:126: ошибка выполнения рецепта для цели «cmTC_ed773/fast»
make[1]: *** [cmTC_ed773/fast] Ошибка 2
make[1]: выход из каталога «/home/n-31v/robotic-software/ros_workspace/nxt_lejos/nxt_lejos_navigation/build/CMakeFiles/CMakeTmp»


