Determining if the pthread_create exist failed with the following output:
Change Dir: /home/n-31v/robotic-software/rosvid_ws/build/CMakeFiles/CMakeTmp

Run Build Command:"/usr/bin/make" "cmTC_a15a8/fast"
/usr/bin/make -f CMakeFiles/cmTC_a15a8.dir/build.make CMakeFiles/cmTC_a15a8.dir/build
make[1]: вход в каталог «/home/n-31v/robotic-software/rosvid_ws/build/CMakeFiles/CMakeTmp»
Building C object CMakeFiles/cmTC_a15a8.dir/CheckSymbolExists.c.o
/usr/bin/cc    -o CMakeFiles/cmTC_a15a8.dir/CheckSymbolExists.c.o   -c /home/n-31v/robotic-software/rosvid_ws/build/CMakeFiles/CMakeTmp/CheckSymbolExists.c
Linking C executable cmTC_a15a8
/usr/bin/cmake -E cmake_link_script CMakeFiles/cmTC_a15a8.dir/link.txt --verbose=1
/usr/bin/cc      -rdynamic CMakeFiles/cmTC_a15a8.dir/CheckSymbolExists.c.o  -o cmTC_a15a8 
CMakeFiles/cmTC_a15a8.dir/CheckSymbolExists.c.o: In function `main':
CheckSymbolExists.c:(.text+0x1b): undefined reference to `pthread_create'
collect2: error: ld returned 1 exit status
CMakeFiles/cmTC_a15a8.dir/build.make:97: recipe for target 'cmTC_a15a8' failed
make[1]: *** [cmTC_a15a8] Error 1
make[1]: выход из каталога «/home/n-31v/robotic-software/rosvid_ws/build/CMakeFiles/CMakeTmp»
Makefile:126: recipe for target 'cmTC_a15a8/fast' failed
make: *** [cmTC_a15a8/fast] Error 2

File /home/n-31v/robotic-software/rosvid_ws/build/CMakeFiles/CMakeTmp/CheckSymbolExists.c:
/* */
#include <pthread.h>

int main(int argc, char** argv)
{
  (void)argv;
#ifndef pthread_create
  return ((int*)(&pthread_create))[argc];
#else
  (void)argc;
  return 0;
#endif
}

Determining if the function pthread_create exists in the pthreads failed with the following output:
Change Dir: /home/n-31v/robotic-software/rosvid_ws/build/CMakeFiles/CMakeTmp

Run Build Command:"/usr/bin/make" "cmTC_fea15/fast"
/usr/bin/make -f CMakeFiles/cmTC_fea15.dir/build.make CMakeFiles/cmTC_fea15.dir/build
make[1]: вход в каталог «/home/n-31v/robotic-software/rosvid_ws/build/CMakeFiles/CMakeTmp»
Building C object CMakeFiles/cmTC_fea15.dir/CheckFunctionExists.c.o
/usr/bin/cc   -DCHECK_FUNCTION_EXISTS=pthread_create   -o CMakeFiles/cmTC_fea15.dir/CheckFunctionExists.c.o   -c /usr/share/cmake-3.10/Modules/CheckFunctionExists.c
Linking C executable cmTC_fea15
/usr/bin/cmake -E cmake_link_script CMakeFiles/cmTC_fea15.dir/link.txt --verbose=1
/usr/bin/cc  -DCHECK_FUNCTION_EXISTS=pthread_create    -rdynamic CMakeFiles/cmTC_fea15.dir/CheckFunctionExists.c.o  -o cmTC_fea15 -lpthreads 
/usr/bin/ld: cannot find -lpthreads
collect2: error: ld returned 1 exit status
CMakeFiles/cmTC_fea15.dir/build.make:97: recipe for target 'cmTC_fea15' failed
make[1]: *** [cmTC_fea15] Error 1
make[1]: выход из каталога «/home/n-31v/robotic-software/rosvid_ws/build/CMakeFiles/CMakeTmp»
Makefile:126: recipe for target 'cmTC_fea15/fast' failed
make: *** [cmTC_fea15/fast] Error 2


